This is pdfTeX, Version 3.1415926-2.5-1.40.14 (TeX Live 2013/Debian) (format=pdflatex 2015.4.23)  27 APR 2015 12:32
entering extended mode
 restricted \write18 enabled.
 %&-line parsing enabled.
**compiler.tex
(./compiler.tex
LaTeX2e <2011/06/27>
Babel <3.9h> and hyphenation patterns for 78 languages loaded.
(/usr/share/texlive/texmf-dist/tex/latex/extsizes/extarticle.cls
Document Class: extarticle 1996/10/08 v1.0 Non Standard LaTeX document class
(/usr/share/texlive/texmf-dist/tex/latex/extsizes/size14.clo
File: size14.clo 1999/11/11 v1.4a NON-Standard LaTeX file (size option)
)
(/usr/share/texlive/texmf-dist/tex/latex/base/exscale.sty
Package: exscale 2007/10/29 v2.1h Standard LaTeX package exscale
LaTeX Font Info:    Redeclaring symbol font `largesymbols' on input line 52.
LaTeX Font Info:    Overwriting symbol font `largesymbols' in version `normal'
(Font)                  OMX/cmex/m/n --> OMX/cmex/m/n on input line 52.
LaTeX Font Info:    Overwriting symbol font `largesymbols' in version `bold'
(Font)                  OMX/cmex/m/n --> OMX/cmex/m/n on input line 52.
\big@size=\dimen102
)
\c@part=\count79
\c@section=\count80
\c@subsection=\count81
\c@subsubsection=\count82
\c@paragraph=\count83
\c@subparagraph=\count84
\c@figure=\count85
\c@table=\count86
\abovecaptionskip=\skip41
\belowcaptionskip=\skip42
\bibindent=\dimen103
)
(/usr/share/texlive/texmf-dist/tex/latex/geometry/geometry.sty
Package: geometry 2010/09/12 v5.6 Page Geometry

(/usr/share/texlive/texmf-dist/tex/latex/graphics/keyval.sty
Package: keyval 1999/03/16 v1.13 key=value parser (DPC)
\KV@toks@=\toks14
)
(/usr/share/texlive/texmf-dist/tex/generic/oberdiek/ifpdf.sty
Package: ifpdf 2011/01/30 v2.3 Provides the ifpdf switch (HO)
Package ifpdf Info: pdfTeX in PDF mode is detected.
)
(/usr/share/texlive/texmf-dist/tex/generic/oberdiek/ifvtex.sty
Package: ifvtex 2010/03/01 v1.5 Detect VTeX and its facilities (HO)
Package ifvtex Info: VTeX not detected.
)
(/usr/share/texlive/texmf-dist/tex/generic/ifxetex/ifxetex.sty
Package: ifxetex 2010/09/12 v0.6 Provides ifxetex conditional
)
\Gm@cnth=\count87
\Gm@cntv=\count88
\c@Gm@tempcnt=\count89
\Gm@bindingoffset=\dimen104
\Gm@wd@mp=\dimen105
\Gm@odd@mp=\dimen106
\Gm@even@mp=\dimen107
\Gm@layoutwidth=\dimen108
\Gm@layoutheight=\dimen109
\Gm@layouthoffset=\dimen110
\Gm@layoutvoffset=\dimen111
\Gm@dimlist=\toks15
)
(/usr/share/texlive/texmf-dist/tex/latex/graphics/graphicx.sty
Package: graphicx 1999/02/16 v1.0f Enhanced LaTeX Graphics (DPC,SPQR)

(/usr/share/texlive/texmf-dist/tex/latex/graphics/graphics.sty
Package: graphics 2009/02/05 v1.0o Standard LaTeX Graphics (DPC,SPQR)

(/usr/share/texlive/texmf-dist/tex/latex/graphics/trig.sty
Package: trig 1999/03/16 v1.09 sin cos tan (DPC)
)
(/usr/share/texlive/texmf-dist/tex/latex/latexconfig/graphics.cfg
File: graphics.cfg 2010/04/23 v1.9 graphics configuration of TeX Live
)
Package graphics Info: Driver file: pdftex.def on input line 91.

(/usr/share/texlive/texmf-dist/tex/latex/pdftex-def/pdftex.def
File: pdftex.def 2011/05/27 v0.06d Graphics/color for pdfTeX

(/usr/share/texlive/texmf-dist/tex/generic/oberdiek/infwarerr.sty
Package: infwarerr 2010/04/08 v1.3 Providing info/warning/error messages (HO)
)
(/usr/share/texlive/texmf-dist/tex/generic/oberdiek/ltxcmds.sty
Package: ltxcmds 2011/11/09 v1.22 LaTeX kernel commands for general use (HO)
)
\Gread@gobject=\count90
))
\Gin@req@height=\dimen112
\Gin@req@width=\dimen113
)
(/usr/share/texlive/texmf-dist/tex/latex/base/inputenc.sty
Package: inputenc 2008/03/30 v1.1d Input encoding file
\inpenc@prehook=\toks16
\inpenc@posthook=\toks17

(/usr/share/texlive/texmf-dist/tex/latex/ucs/utf8x.def
File: utf8x.def 2004/10/17 UCS: Input encoding UTF-8
))
(/usr/share/texlive/texmf-dist/tex/latex/ucs/ucs.sty
Package: ucs 2013/05/11 v2.2 UCS: Unicode input support

(/usr/share/texlive/texmf-dist/tex/latex/ucs/data/uni-global.def
File: uni-global.def 2013/05/13 UCS: Unicode global data
)
\uc@secondtry=\count91
\uc@combtoks=\toks18
\uc@combtoksb=\toks19
\uc@temptokena=\toks20
)
(/usr/share/texlive/texmf-dist/tex/generic/babel/babel.sty
Package: babel 2013/12/03 3.9h The Babel package

(/usr/share/texlive/texmf-dist/tex/generic/babel-russian/russianb.ldf
Language: russian 2013/04/13 1.3a Russian support from the babel system

(/usr/share/texlive/texmf-dist/tex/generic/babel/babel.def
File: babel.def 2013/12/03 3.9h Babel common definitions
\babel@savecnt=\count92
\U@D=\dimen114
)

Package babel Warning: No Cyrillic font encoding has been loaded so far.
(babel)                A font encoding should be declared before babel.
(babel)                Default `T2A' encoding will be loaded  on input line 111
.

(/usr/share/texlive/texmf-dist/tex/latex/cyrillic/t2aenc.def
File: t2aenc.def 2005/09/27 v1.0i Cyrillic encoding definition file
)
Package babel Info: Making " an active character on input line 147.
))
(/usr/share/texlive/texmf-dist/tex/latex/base/fontenc.sty
Package: fontenc 2005/09/27 v1.99g Standard LaTeX package

(/usr/share/texlive/texmf-dist/tex/latex/base/t1enc.def
File: t1enc.def 2005/09/27 v1.99g Standard LaTeX file
LaTeX Font Info:    Redeclaring font encoding T1 on input line 43.
))
(/usr/share/texlive/texmf-dist/tex/latex/float/float.sty
Package: float 2001/11/08 v1.3d Float enhancements (AL)
\c@float@type=\count93
\float@exts=\toks21
\float@box=\box26
\@float@everytoks=\toks22
\@floatcapt=\box27
)
(/usr/share/texlive/texmf-dist/tex/latex/listings/listings.sty
\lst@mode=\count94
\lst@gtempboxa=\box28
\lst@token=\toks23
\lst@length=\count95
\lst@currlwidth=\dimen115
\lst@column=\count96
\lst@pos=\count97
\lst@lostspace=\dimen116
\lst@width=\dimen117
\lst@newlines=\count98
\lst@lineno=\count99
\lst@maxwidth=\dimen118

(/usr/share/texlive/texmf-dist/tex/latex/listings/lstmisc.sty
File: lstmisc.sty 2013/08/26 1.5b (Carsten Heinz)
\c@lstnumber=\count100
\lst@skipnumbers=\count101
\lst@framebox=\box29
)
(/usr/share/texlive/texmf-dist/tex/latex/listings/listings.cfg
File: listings.cfg 2013/08/26 1.5b listings configuration
))
Package: listings 2013/08/26 1.5b (Carsten Heinz)

(/usr/share/texlive/texmf-dist/tex/latex/cite/cite.sty
LaTeX Info: Redefining \cite on input line 302.
LaTeX Info: Redefining \nocite on input line 373.
Package: cite 2010/09/10  v 5.3
)
(/usr/share/texlive/texmf-dist/tex/latex/hyperref/hyperref.sty
Package: hyperref 2012/11/06 v6.83m Hypertext links for LaTeX

(/usr/share/texlive/texmf-dist/tex/generic/oberdiek/hobsub-hyperref.sty
Package: hobsub-hyperref 2012/05/28 v1.13 Bundle oberdiek, subset hyperref (HO)


(/usr/share/texlive/texmf-dist/tex/generic/oberdiek/hobsub-generic.sty
Package: hobsub-generic 2012/05/28 v1.13 Bundle oberdiek, subset generic (HO)
Package: hobsub 2012/05/28 v1.13 Construct package bundles (HO)
Package hobsub Info: Skipping package `infwarerr' (already loaded).
Package hobsub Info: Skipping package `ltxcmds' (already loaded).
Package: ifluatex 2010/03/01 v1.3 Provides the ifluatex switch (HO)
Package ifluatex Info: LuaTeX not detected.
Package hobsub Info: Skipping package `ifvtex' (already loaded).
Package: intcalc 2007/09/27 v1.1 Expandable calculations with integers (HO)
Package hobsub Info: Skipping package `ifpdf' (already loaded).
Package: etexcmds 2011/02/16 v1.5 Avoid name clashes with e-TeX commands (HO)
Package etexcmds Info: Could not find \expanded.
(etexcmds)             That can mean that you are not using pdfTeX 1.50 or
(etexcmds)             that some package has redefined \expanded.
(etexcmds)             In the latter case, load this package earlier.
Package: kvsetkeys 2012/04/25 v1.16 Key value parser (HO)
Package: kvdefinekeys 2011/04/07 v1.3 Define keys (HO)
Package: pdftexcmds 2011/11/29 v0.20 Utility functions of pdfTeX for LuaTeX (HO
)
Package pdftexcmds Info: LuaTeX not detected.
Package pdftexcmds Info: \pdf@primitive is available.
Package pdftexcmds Info: \pdf@ifprimitive is available.
Package pdftexcmds Info: \pdfdraftmode found.
Package: pdfescape 2011/11/25 v1.13 Implements pdfTeX's escape features (HO)
Package: bigintcalc 2012/04/08 v1.3 Expandable calculations on big integers (HO
)
Package: bitset 2011/01/30 v1.1 Handle bit-vector datatype (HO)
Package: uniquecounter 2011/01/30 v1.2 Provide unlimited unique counter (HO)
)
Package hobsub Info: Skipping package `hobsub' (already loaded).
Package: letltxmacro 2010/09/02 v1.4 Let assignment for LaTeX macros (HO)
Package: hopatch 2012/05/28 v1.2 Wrapper for package hooks (HO)
Package: xcolor-patch 2011/01/30 xcolor patch
Package: atveryend 2011/06/30 v1.8 Hooks at the very end of document (HO)
Package atveryend Info: \enddocument detected (standard20110627).
Package: atbegshi 2011/10/05 v1.16 At begin shipout hook (HO)
Package: refcount 2011/10/16 v3.4 Data extraction from label references (HO)
Package: hycolor 2011/01/30 v1.7 Color options for hyperref/bookmark (HO)
)
(/usr/share/texlive/texmf-dist/tex/latex/oberdiek/auxhook.sty
Package: auxhook 2011/03/04 v1.3 Hooks for auxiliary files (HO)
)
(/usr/share/texlive/texmf-dist/tex/latex/oberdiek/kvoptions.sty
Package: kvoptions 2011/06/30 v3.11 Key value format for package options (HO)
)
\@linkdim=\dimen119
\Hy@linkcounter=\count102
\Hy@pagecounter=\count103

(/usr/share/texlive/texmf-dist/tex/latex/hyperref/pd1enc.def
File: pd1enc.def 2012/11/06 v6.83m Hyperref: PDFDocEncoding definition (HO)
)
\Hy@SavedSpaceFactor=\count104
Package hyperref Info: Option `unicode' set `true' on input line 3411.

(/usr/share/texlive/texmf-dist/tex/latex/hyperref/puenc.def
File: puenc.def 2012/11/06 v6.83m Hyperref: PDF Unicode definition (HO)
)
(/usr/share/texlive/texmf-dist/tex/latex/latexconfig/hyperref.cfg
File: hyperref.cfg 2002/06/06 v1.2 hyperref configuration of TeXLive
)
Package hyperref Info: Hyper figures OFF on input line 4443.
Package hyperref Info: Link nesting OFF on input line 4448.
Package hyperref Info: Hyper index ON on input line 4451.
Package hyperref Info: Plain pages OFF on input line 4458.
Package hyperref Info: Backreferencing OFF on input line 4463.
Package hyperref Info: Implicit mode ON; LaTeX internals redefined.
Package hyperref Info: Bookmarks ON on input line 4688.
\c@Hy@tempcnt=\count105

(/usr/share/texlive/texmf-dist/tex/latex/url/url.sty
\Urlmuskip=\muskip10
Package: url 2013/09/16  ver 3.4  Verb mode for urls, etc.
)
LaTeX Info: Redefining \url on input line 5041.
\XeTeXLinkMargin=\dimen120
\Fld@menulength=\count106
\Field@Width=\dimen121
\Fld@charsize=\dimen122
Package hyperref Info: Hyper figures OFF on input line 6295.
Package hyperref Info: Link nesting OFF on input line 6300.
Package hyperref Info: Hyper index ON on input line 6303.
Package hyperref Info: backreferencing OFF on input line 6310.
Package hyperref Info: Link coloring OFF on input line 6315.
Package hyperref Info: Link coloring with OCG OFF on input line 6320.
Package hyperref Info: PDF/A mode OFF on input line 6325.
LaTeX Info: Redefining \ref on input line 6365.
LaTeX Info: Redefining \pageref on input line 6369.
\Hy@abspage=\count107
\c@Item=\count108
\c@Hfootnote=\count109
)

Package hyperref Message: Driver (autodetected): hpdftex.

(/usr/share/texlive/texmf-dist/tex/latex/hyperref/hpdftex.def
File: hpdftex.def 2012/11/06 v6.83m Hyperref driver for pdfTeX
\Fld@listcount=\count110
\c@bookmark@seq@number=\count111

(/usr/share/texlive/texmf-dist/tex/latex/oberdiek/rerunfilecheck.sty
Package: rerunfilecheck 2011/04/15 v1.7 Rerun checks for auxiliary files (HO)
Package uniquecounter Info: New unique counter `rerunfilecheck' on input line 2
82.
)
\Hy@SectionHShift=\skip43
)
(/usr/share/texlive/texmf-dist/tex/latex/etoolbox/etoolbox.sty
Package: etoolbox 2011/01/03 v2.1 e-TeX tools for LaTeX

(/usr/share/texlive/texmf-dist/tex/latex/etex-pkg/etex.sty
Package: etex 1998/03/26 v2.0 eTeX basic definition package (PEB)
\et@xins=\count112
)
\etb@tempcnta=\count113
)
(/usr/share/texlive/texmf-dist/tex/latex/tools/indentfirst.sty
Package: indentfirst 1995/11/23 v1.03 Indent first paragraph (DPC)
)
(/usr/share/texlive/texmf-dist/tex/latex/algorithm2e/algorithm2e.sty
Package: algorithm2e 2013/01/06 v5.00 algorithms environments
\c@AlgoLine=\count114

(/usr/share/texlive/texmf-dist/tex/latex/base/ifthen.sty
Package: ifthen 2001/05/26 v1.1c Standard LaTeX ifthen package (DPC)
)
(/usr/share/texlive/texmf-dist/tex/latex/tools/xspace.sty
Package: xspace 2009/10/20 v1.13 Space after command names (DPC,MH)
)
(/usr/share/texlive/texmf-dist/tex/latex/relsize/relsize.sty
Package: relsize 2013/03/29 ver 4.1
)
********************************************************
Package `algorithm2e' Release 5.0 -- january 06 2013 --
- algorithm2e-announce@lirmm.fr mailing list for announcement about releases
- algorithm2e-discussion@lirmm.fr mailing list for discussion about package
subscribe by emailing sympa@lirmm.fr with 'subscribe <list> <firstname name>'
- Author: Christophe Fiorio (cfiorio@um2.fr)
********************************************************
\skiptotal=\skip44
\skiplinenumber=\skip45
\skiprule=\skip46
\skiphlne=\skip47
\skiptext=\skip48
\skiplength=\skip49
\algomargin=\skip50
\skipalgocfslide=\skip51
\algowidth=\dimen123
\inoutsize=\dimen124
\inoutindent=\dimen125
\interspacetitleruled=\dimen126
\interspacealgoruled=\dimen127
\interspacetitleboxruled=\dimen128
\algocf@inoutbox=\box30
\algocf@inputbox=\box31
\AlCapSkip=\skip52
\AlCapHSkip=\skip53
\algoskipindent=\skip54
\algocf@nlbox=\box32
\algocf@hangingbox=\box33
\algocf@untilbox=\box34
\algocf@skipuntil=\skip55
\algocf@capbox=\box35
\algoheightruledefault=\skip56
\algoheightrule=\skip57
\algotitleheightruledefault=\skip58
\algotitleheightrule=\skip59
\c@algocfline=\count115
\c@algocfproc=\count116
\c@algocf=\count117
\algocf@algoframe=\box36
\algocf@algobox=\box37
) (./compiler.aux
LaTeX Font Info:    Try loading font information for T2A+cmr on input line 20.
 (/usr/share/texlive/texmf-dist/tex/latex/cyrillic/t2acmr.fd
File: t2acmr.fd 2001/08/11 v1.0a Computer Modern Cyrillic font definitions
)

LaTeX Warning: Label `ris:b1' multiply defined.


LaTeX Warning: Label `ris:b2' multiply defined.


LaTeX Warning: Label `ris:b1' multiply defined.


LaTeX Warning: Label `ris:b2' multiply defined.


LaTeX Warning: Label `ris:image' multiply defined.


LaTeX Warning: Label `ris:image' multiply defined.


LaTeX Warning: Label `ris:b1' multiply defined.


LaTeX Warning: Label `ris:b2' multiply defined.


LaTeX Warning: Label `ris:image' multiply defined.

)
\openout1 = `compiler.aux'.

LaTeX Font Info:    Checking defaults for OML/cmm/m/it on input line 43.
LaTeX Font Info:    ... okay on input line 43.
LaTeX Font Info:    Checking defaults for T1/cmr/m/n on input line 43.
LaTeX Font Info:    ... okay on input line 43.
LaTeX Font Info:    Checking defaults for OT1/cmr/m/n on input line 43.
LaTeX Font Info:    ... okay on input line 43.
LaTeX Font Info:    Checking defaults for OMS/cmsy/m/n on input line 43.
LaTeX Font Info:    ... okay on input line 43.
LaTeX Font Info:    Checking defaults for OMX/cmex/m/n on input line 43.
LaTeX Font Info:    ... okay on input line 43.
LaTeX Font Info:    Checking defaults for U/cmr/m/n on input line 43.
LaTeX Font Info:    ... okay on input line 43.
LaTeX Font Info:    Checking defaults for T2A/cmr/m/n on input line 43.
LaTeX Font Info:    ... okay on input line 43.
LaTeX Font Info:    Checking defaults for PD1/pdf/m/n on input line 43.
LaTeX Font Info:    ... okay on input line 43.
LaTeX Font Info:    Checking defaults for PU/pdf/m/n on input line 43.
LaTeX Font Info:    ... okay on input line 43.

*geometry* driver: auto-detecting
*geometry* detected driver: pdftex
*geometry* verbose mode - [ preamble ] result:
* driver: pdftex
* paper: <default>
* layout: <same size as paper>
* layoutoffset:(h,v)=(0.0pt,0.0pt)
* modes: 
* h-part:(L,W,R)=(71.13188pt, 500.484pt, 42.67912pt)
* v-part:(T,H,B)=(56.9055pt, 681.15898pt, 56.9055pt)
* \paperwidth=614.295pt
* \paperheight=794.96999pt
* \textwidth=500.484pt
* \textheight=681.15898pt
* \oddsidemargin=-1.1381pt
* \evensidemargin=-1.1381pt
* \topmargin=-54.36449pt
* \headheight=14.0pt
* \headsep=25.0pt
* \topskip=14.0pt
* \footskip=30.0pt
* \marginparwidth=24.0pt
* \marginparsep=10.0pt
* \columnsep=10.0pt
* \skip\footins=12.0pt plus 4.0pt minus 2.0pt
* \hoffset=0.0pt
* \voffset=0.0pt
* \mag=1000
* \@twocolumnfalse
* \@twosidefalse
* \@mparswitchfalse
* \@reversemarginfalse
* (1in=72.27pt=25.4mm, 1cm=28.453pt)

(/usr/share/texlive/texmf-dist/tex/context/base/supp-pdf.mkii
[Loading MPS to PDF converter (version 2006.09.02).]
\scratchcounter=\count118
\scratchdimen=\dimen129
\scratchbox=\box38
\nofMPsegments=\count119
\nofMParguments=\count120
\everyMPshowfont=\toks24
\MPscratchCnt=\count121
\MPscratchDim=\dimen130
\MPnumerator=\count122
\makeMPintoPDFobject=\count123
\everyMPtoPDFconversion=\toks25
) (/usr/share/texlive/texmf-dist/tex/latex/oberdiek/epstopdf-base.sty
Package: epstopdf-base 2010/02/09 v2.5 Base part for package epstopdf

(/usr/share/texlive/texmf-dist/tex/latex/oberdiek/grfext.sty
Package: grfext 2010/08/19 v1.1 Manage graphics extensions (HO)
)
Package grfext Info: Graphics extension search list:
(grfext)             [.png,.pdf,.jpg,.mps,.jpeg,.jbig2,.jb2,.PNG,.PDF,.JPG,.JPE
G,.JBIG2,.JB2,.eps]
(grfext)             \AppendGraphicsExtensions on input line 452.

(/usr/share/texlive/texmf-dist/tex/latex/latexconfig/epstopdf-sys.cfg
File: epstopdf-sys.cfg 2010/07/13 v1.3 Configuration of (r)epstopdf for TeX Liv
e
))
(/usr/share/texlive/texmf-dist/tex/latex/ucs/ucsencs.def
File: ucsencs.def 2011/01/21 Fixes to fontencodings LGR, T3
)
\c@lstlisting=\count124
\AtBeginShipoutBox=\box39
Package hyperref Info: Link coloring OFF on input line 43.

(/usr/share/texlive/texmf-dist/tex/latex/hyperref/nameref.sty
Package: nameref 2012/10/27 v2.43 Cross-referencing by name of section

(/usr/share/texlive/texmf-dist/tex/generic/oberdiek/gettitlestring.sty
Package: gettitlestring 2010/12/03 v1.4 Cleanup title references (HO)
)
\c@section@level=\count125
)
LaTeX Info: Redefining \ref on input line 43.
LaTeX Info: Redefining \pageref on input line 43.
LaTeX Info: Redefining \nameref on input line 43.

(./compiler.out) (./compiler.out)
\@outlinefile=\write3
\openout3 = `compiler.out'.


(/usr/share/texlive/texmf-dist/tex/latex/ucs/data/uni-4.def
File: uni-4.def 2013/05/13 UCS: Unicode data U+0400..U+04FF
)
Package babel Info: Redefining russian shorthand "|
(babel)             in language  on input line 75.
Package babel Info: Redefining russian shorthand "~
(babel)             in language  on input line 75.
Package babel Info: Redefining russian shorthand "|
(babel)             in language  on input line 75.
Package babel Info: Redefining russian shorthand "~
(babel)             in language  on input line 75.
 [1

{/var/lib/texmf/fonts/map/pdftex/updmap/pdftex.map}]
Package babel Info: Redefining russian shorthand "|
(babel)             in language  on input line 106.
Package babel Info: Redefining russian shorthand "~
(babel)             in language  on input line 106.
Package babel Info: Redefining russian shorthand "|
(babel)             in language  on input line 106.
Package babel Info: Redefining russian shorthand "~
(babel)             in language  on input line 106.
pdfTeX warning (ext4): destination with the same identifier (name{page.1}) has 
been already used, duplicate ignored
<to be read again> 
                   \relax 
l.106 	\end{titlepage}
                       [1] (./compiler.toc
LaTeX Font Info:    External font `cmex7' loaded for size
(Font)              <7> on input line 4.
Package babel Info: Redefining russian shorthand "|
(babel)             in language  on input line 26.
Package babel Info: Redefining russian shorthand "~
(babel)             in language  on input line 26.
Package babel Info: Redefining russian shorthand "|
(babel)             in language  on input line 26.
Package babel Info: Redefining russian shorthand "~
(babel)             in language  on input line 26.
pdfTeX warning (ext4): destination with the same identifier (name{page.1}) has 
been already used, duplicate ignored
<to be read again> 
                   \relax 
l.26 ...eC {\cyrr }\IeC {\cyrery }}{11}{section.4}
                                                   [1])
\tf@toc=\write4
\openout4 = `compiler.toc'.

Package babel Info: Redefining russian shorthand "|
(babel)             in language  on input line 111.
Package babel Info: Redefining russian shorthand "~
(babel)             in language  on input line 111.
Package babel Info: Redefining russian shorthand "|
(babel)             in language  on input line 111.
Package babel Info: Redefining russian shorthand "~
(babel)             in language  on input line 111.
 [2]
Package babel Info: Redefining russian shorthand "|
(babel)             in language  on input line 115.
Package babel Info: Redefining russian shorthand "~
(babel)             in language  on input line 115.

(/usr/share/texlive/texmf-dist/tex/latex/ucs/data/uni-32.def
File: uni-32.def 2013/05/13 UCS: Unicode data U+2000..U+20FF
)
Package babel Info: Redefining russian shorthand "|
(babel)             in language  on input line 123.
Package babel Info: Redefining russian shorthand "~
(babel)             in language  on input line 123.
Package babel Info: Redefining russian shorthand "|
(babel)             in language  on input line 123.
Package babel Info: Redefining russian shorthand "~
(babel)             in language  on input line 123.
 [3]
Package babel Info: Redefining russian shorthand "|
(babel)             in language  on input line 127.
Package babel Info: Redefining russian shorthand "~
(babel)             in language  on input line 127.
Package babel Info: Redefining russian shorthand "|
(babel)             in language  on input line 127.
Package babel Info: Redefining russian shorthand "~
(babel)             in language  on input line 127.
 [4]
Package babel Info: Redefining russian shorthand "|
(babel)             in language  on input line 127.
Package babel Info: Redefining russian shorthand "~
(babel)             in language  on input line 127.
Package babel Info: Redefining russian shorthand "|
(babel)             in language  on input line 128.
Package babel Info: Redefining russian shorthand "~
(babel)             in language  on input line 128.
Package babel Info: Redefining russian shorthand "|
(babel)             in language  on input line 129.
Package babel Info: Redefining russian shorthand "~
(babel)             in language  on input line 129.
Package babel Info: Redefining russian shorthand "|
(babel)             in language  on input line 130.
Package babel Info: Redefining russian shorthand "~
(babel)             in language  on input line 130.
Package babel Info: Redefining russian shorthand "|
(babel)             in language  on input line 131.
Package babel Info: Redefining russian shorthand "~
(babel)             in language  on input line 131.
Package babel Info: Redefining russian shorthand "|
(babel)             in language  on input line 133.
Package babel Info: Redefining russian shorthand "~
(babel)             in language  on input line 133.
Package babel Info: Redefining russian shorthand "|
(babel)             in language  on input line 134.
Package babel Info: Redefining russian shorthand "~
(babel)             in language  on input line 134.
Package babel Info: Redefining russian shorthand "|
(babel)             in language  on input line 135.
Package babel Info: Redefining russian shorthand "~
(babel)             in language  on input line 135.
Package babel Info: Redefining russian shorthand "|
(babel)             in language  on input line 136.
Package babel Info: Redefining russian shorthand "~
(babel)             in language  on input line 136.
Package babel Info: Redefining russian shorthand "|
(babel)             in language  on input line 139.
Package babel Info: Redefining russian shorthand "~
(babel)             in language  on input line 139.
LaTeX Font Info:    Try loading font information for OMS+cmr on input line 144.


(/usr/share/texlive/texmf-dist/tex/latex/base/omscmr.fd
File: omscmr.fd 1999/05/25 v2.5h Standard LaTeX font definitions
)
LaTeX Font Info:    Font shape `OMS/cmr/m/n' in size <14.4> not available
(Font)              Font shape `OMS/cmsy/m/n' tried instead on input line 144.
Package babel Info: Redefining russian shorthand "|
(babel)             in language  on input line 150.
Package babel Info: Redefining russian shorthand "~
(babel)             in language  on input line 150.
Package babel Info: Redefining russian shorthand "|
(babel)             in language  on input line 150.
Package babel Info: Redefining russian shorthand "~
(babel)             in language  on input line 150.
 [5]
Package babel Info: Redefining russian shorthand "|
(babel)             in language  on input line 150.
Package babel Info: Redefining russian shorthand "~
(babel)             in language  on input line 150.
Package babel Info: Redefining russian shorthand "|
(babel)             in language  on input line 151.
Package babel Info: Redefining russian shorthand "~
(babel)             in language  on input line 151.

Overfull \hbox (7.56403pt too wide) in paragraph at lines 152--153
[]\T2A/cmr/m/n/14.4 Есть файл граф-че-ской биб-лио-те-ки - glib.ps. В нем со-зд
а-ет-ся сло-варь gelements.
 []

Package babel Info: Redefining russian shorthand "|
(babel)             in language  on input line 169.
Package babel Info: Redefining russian shorthand "~
(babel)             in language  on input line 169.
<pictures/close1.png, id=171, 103.88812pt x 44.41594pt>
File: pictures/close1.png Graphic file (type png)

<use pictures/close1.png>
Package pdftex.def Info: pictures/close1.png used on input line 174.
(pdftex.def)             Requested size: 180.0pt x 76.9659pt.

<pictures/close2.png, id=173, 97.86563pt x 39.14626pt>
File: pictures/close2.png Graphic file (type png)

<use pictures/close2.png>
Package pdftex.def Info: pictures/close2.png used on input line 180.
(pdftex.def)             Requested size: 180.0pt x 72.00427pt.


LaTeX Warning: `h' float specifier changed to `ht'.

Package babel Info: Redefining russian shorthand "|
(babel)             in language  on input line 187.
Package babel Info: Redefining russian shorthand "~
(babel)             in language  on input line 187.
<pictures/checkBox1.png, id=174, 100.12407pt x 22.58438pt>
File: pictures/checkBox1.png Graphic file (type png)

<use pictures/checkBox1.png>
Package pdftex.def Info: pictures/checkBox1.png used on input line 192.
(pdftex.def)             Requested size: 180.0pt x 40.60701pt.

<pictures/checkBox2.png, id=175, 103.88812pt x 26.34843pt>
File: pictures/checkBox2.png Graphic file (type png)

<use pictures/checkBox2.png>
Package pdftex.def Info: pictures/checkBox2.png used on input line 198.
(pdftex.def)             Requested size: 180.0pt x 45.65771pt.
Package babel Info: Redefining russian shorthand "|
(babel)             in language  on input line 204.
Package babel Info: Redefining russian shorthand "~
(babel)             in language  on input line 204.
Package babel Info: Redefining russian shorthand "|
(babel)             in language  on input line 204.
Package babel Info: Redefining russian shorthand "~
(babel)             in language  on input line 204.
 [6]
Package babel Info: Redefining russian shorthand "|
(babel)             in language  on input line 208.
Package babel Info: Redefining russian shorthand "~
(babel)             in language  on input line 208.
Package babel Info: Redefining russian shorthand "|
(babel)             in language  on input line 208.
Package babel Info: Redefining russian shorthand "~
(babel)             in language  on input line 208.
 [7 <./pictures/close1.png> <./pictures/close2.png> <./pictures/checkBox1.png> 
<./pictures/checkBox2.png>]
Package babel Info: Redefining russian shorthand "|
(babel)             in language  on input line 208.
Package babel Info: Redefining russian shorthand "~
(babel)             in language  on input line 208.

<pictures/comboBox1.png, id=192, 164.86594pt x 33.87656pt>
File: pictures/comboBox1.png Graphic file (type png)

<use pictures/comboBox1.png>
Package pdftex.def Info: pictures/comboBox1.png used on input line 214.
(pdftex.def)             Requested size: 180.0pt x 36.98724pt.

<pictures/comboBox2.png, id=193, 167.12437pt x 99.37125pt>
File: pictures/comboBox2.png Graphic file (type png)

<use pictures/comboBox2.png>
Package pdftex.def Info: pictures/comboBox2.png used on input line 220.
(pdftex.def)             Requested size: 180.0pt x 107.0358pt.
Package babel Info: Redefining russian shorthand "|
(babel)             in language  on input line 227.
Package babel Info: Redefining russian shorthand "~
(babel)             in language  on input line 227.

<pictures/listBox.png, id=194, 161.85469pt x 76.78688pt>
File: pictures/listBox.png Graphic file (type png)

<use pictures/listBox.png>
Package pdftex.def Info: pictures/listBox.png used on input line 230.
(pdftex.def)             Requested size: 180.0pt x 85.4008pt.
Package babel Info: Redefining russian shorthand "|
(babel)             in language  on input line 235.
Package babel Info: Redefining russian shorthand "~
(babel)             in language  on input line 235.

<pictures/label.png, id=195, 205.5178pt x 41.4047pt>
File: pictures/label.png Graphic file (type png)
 <use pictures/label.png>
Package pdftex.def Info: pictures/label.png used on input line 238.
(pdftex.def)             Requested size: 180.0pt x 36.26375pt.
Package babel Info: Redefining russian shorthand "|
(babel)             in language  on input line 243.
Package babel Info: Redefining russian shorthand "~
(babel)             in language  on input line 243.

<pictures/textField.png, id=196, 389.95688pt x 51.94406pt>
File: pictures/textField.png Graphic file (type png)

<use pictures/textField.png>
Package pdftex.def Info: pictures/textField.png used on input line 246.
(pdftex.def)             Requested size: 180.0pt x 23.97697pt.
Package babel Info: Redefining russian shorthand "|
(babel)             in language  on input line 250.
Package babel Info: Redefining russian shorthand "~
(babel)             in language  on input line 250.
Package babel Info: Redefining russian shorthand "|
(babel)             in language  on input line 250.
Package babel Info: Redefining russian shorthand "~
(babel)             in language  on input line 250.
 [8 <./pictures/comboBox1.png> <./pictures/comboBox2.png> <./pictures/listBox.p
ng> <./pictures/label.png>]
Package babel Info: Redefining russian shorthand "|
(babel)             in language  on input line 250.
Package babel Info: Redefining russian shorthand "~
(babel)             in language  on input line 250.

<pictures/toggleButton1.png, id=209, 105.39375pt x 45.16875pt>
File: pictures/toggleButton1.png Graphic file (type png)

<use pictures/toggleButton1.png>
Package pdftex.def Info: pictures/toggleButton1.png used on input line 255.
(pdftex.def)             Requested size: 90.0pt x 38.57211pt.

Underfull \hbox (badness 10000) in paragraph at lines 256--256
[]\T2A/cmr/m/n/14.4 Рис. 10: [] Вклю-чен-ная ра-
 []

<pictures/toggleButton2.png, id=210, 99.37125pt x 48.18pt>
File: pictures/toggleButton2.png Graphic file (type png)

<use pictures/toggleButton2.png>
Package pdftex.def Info: pictures/toggleButton2.png used on input line 261.
(pdftex.def)             Requested size: 90.0pt x 43.63799pt.

Underfull \hbox (badness 10000) in paragraph at lines 262--262
[]\T2A/cmr/m/n/14.4 Рис. 11: []Выключенная ра-
 []

Package babel Info: Redefining russian shorthand "|
(babel)             in language  on input line 268.
Package babel Info: Redefining russian shorthand "~
(babel)             in language  on input line 268.
<pictures/window.png, id=211, 314.67563pt x 313.9228pt>
File: pictures/window.png Graphic file (type png)

<use pictures/window.png>
Package pdftex.def Info: pictures/window.png used on input line 272.
(pdftex.def)             Requested size: 180.0pt x 179.57013pt.


LaTeX Warning: `h' float specifier changed to `ht'.

Package babel Info: Redefining russian shorthand "|
(babel)             in language  on input line 277.
Package babel Info: Redefining russian shorthand "~
(babel)             in language  on input line 277.
Package babel Info: Redefining russian shorthand "|
(babel)             in language  on input line 277.
Package babel Info: Redefining russian shorthand "~
(babel)             in language  on input line 277.
[9 <./pictures/textField.png> <./pictures/toggleButton1.png> <./pictures/toggle
Button2.png>]
Package babel Info: Redefining russian shorthand "|
(babel)             in language  on input line 277.
Package babel Info: Redefining russian shorthand "~
(babel)             in language  on input line 277.
Package babel Info: Redefining russian shorthand "|
(babel)             in language  on input line 278.
Package babel Info: Redefining russian shorthand "~
(babel)             in language  on input line 278.
Package babel Info: Redefining russian shorthand "|
(babel)             in language  on input line 279.
Package babel Info: Redefining russian shorthand "~
(babel)             in language  on input line 279.
Package babel Info: Redefining russian shorthand "|
(babel)             in language  on input line 281.
Package babel Info: Redefining russian shorthand "~
(babel)             in language  on input line 281.
Package babel Info: Redefining russian shorthand "|
(babel)             in language  on input line 281.
Package babel Info: Redefining russian shorthand "~
(babel)             in language  on input line 281.
 [10 <./pictures/window.png>]
Package babel Info: Redefining russian shorthand "|
(babel)             in language  on input line 281.
Package babel Info: Redefining russian shorthand "~
(babel)             in language  on input line 281.
Package babel Info: Redefining russian shorthand "|
(babel)             in language  on input line 284.
Package babel Info: Redefining russian shorthand "~
(babel)             in language  on input line 284.
Package babel Info: Redefining russian shorthand "|
(babel)             in language  on input line 284.
Package babel Info: Redefining russian shorthand "~
(babel)             in language  on input line 284.
 [11]
Package babel Info: Redefining russian shorthand "|
(babel)             in language  on input line 286.
Package babel Info: Redefining russian shorthand "~
(babel)             in language  on input line 286.
Package babel Info: Redefining russian shorthand "|
(babel)             in language  on input line 308.
Package babel Info: Redefining russian shorthand "~
(babel)             in language  on input line 308.
Package babel Info: Redefining russian shorthand "|
(babel)             in language  on input line 308.
Package babel Info: Redefining russian shorthand "~
(babel)             in language  on input line 308.
 [12]
LaTeX Font Info:    Try loading font information for T2A+cmtt on input line 316
.

(/usr/share/texlive/texmf-dist/tex/latex/cyrillic/t2acmtt.fd
File: t2acmtt.fd 2001/08/11 v1.0a Computer Modern Cyrillic font definitions
)
Package atveryend Info: Empty hook `BeforeClearDocument' on input line 330.
Package babel Info: Redefining russian shorthand "|
(babel)             in language  on input line 330.
Package babel Info: Redefining russian shorthand "~
(babel)             in language  on input line 330.
Package babel Info: Redefining russian shorthand "|
(babel)             in language  on input line 330.
Package babel Info: Redefining russian shorthand "~
(babel)             in language  on input line 330.
 [13]
Package atveryend Info: Empty hook `AfterLastShipout' on input line 330.

(./compiler.aux)
Package atveryend Info: Executing hook `AtVeryEndDocument' on input line 330.
Package atveryend Info: Executing hook `AtEndAfterFileList' on input line 330.
Package rerunfilecheck Info: File `compiler.out' has not changed.
(rerunfilecheck)             Checksum: 2094769ED91DFD008C65C2D3893F22D6;5133.


LaTeX Warning: There were multiply-defined labels.

Package atveryend Info: Empty hook `AtVeryVeryEnd' on input line 330.
 ) 
Here is how much of TeX's memory you used:
 14200 strings out of 493304
 198939 string characters out of 6139871
 297700 words of memory out of 5000000
 17459 multiletter control sequences out of 15000+600000
 11768 words of font info for 28 fonts, out of 8000000 for 9000
 957 hyphenation exceptions out of 8191
 29i,8n,32p,1099b,640s stack positions out of 5000i,500n,10000p,200000b,80000s
{/usr/share/texmf/fonts/enc/dvips/cm-super/cm-super-t2a.enc}</usr/share/texli
ve/texmf-dist/fonts/type1/public/amsfonts/cm/cmsy10.pfb></usr/share/texmf/fonts
/type1/public/cm-super/sfbx1440.pfb></usr/share/texmf/fonts/type1/public/cm-sup
er/sfbx1728.pfb></usr/share/texmf/fonts/type1/public/cm-super/sfbx2074.pfb></us
r/share/texmf/fonts/type1/public/cm-super/sfrm1440.pfb></usr/share/texmf/fonts/
type1/public/cm-super/sfrm1728.pfb></usr/share/texmf/fonts/type1/public/cm-supe
r/sfrm2488.pfb></usr/share/texmf/fonts/type1/public/cm-super/sftt1440.pfb>
Output written on compiler.pdf (15 pages, 203293 bytes).
PDF statistics:
 292 PDF objects out of 1000 (max. 8388607)
 240 compressed objects within 3 object streams
 57 named destinations out of 1000 (max. 500000)
 269 words of extra memory for PDF output out of 10000 (max. 10000000)

