mktextfm ecrm1440
mktextfm ecrm1440
mktextfm ecrm1440
mktextfm ecrm1440
mktextfm ecrm1440
mktextfm ecrm1440
mktextfm ecrm1440
mktextfm ecrm1440
mktextfm ecrm1440
mktextfm ecrm1728
mktextfm ecrm2986
mktextfm ecrm2074
mktextfm ecbx2074
mktextfm ecrm1440
mktextfm larm1440
mktextfm larm1728
mktextfm larm2986
mktextfm larm2074
mktextfm labx2074
mktextfm larm1000
mktextfm larm0700
mktextfm latt1000
mktextfm labx1728
mktextfm labx1440
mktextfm latt1440
mktextfm ecrm1440
mktextfm larm1440
mktextfm larm1728
mktextfm larm2986
mktextfm larm2074
mktextfm labx2074
mktextfm labx1440
mktextfm larm1000
mktextfm larm0700
mktextfm latt1000
mktextfm labx1728
mktextfm latt1440
mktextfm ecrm1440
mktextfm larm1440
mktextfm larm1728
mktextfm larm2986
mktextfm larm2074
mktextfm labx2074
mktextfm labx1440
mktextfm larm1000
mktextfm larm0700
mktextfm latt1000
mktextfm labx1728
mktextfm latt1440
mktextfm ecrm1440
mktextfm larm1440
mktextfm larm1728
mktextfm larm2986
mktextfm larm2074
mktextfm labx2074
mktextfm labx1440
mktextfm larm1000
mktextfm larm0700
mktextfm latt1000
mktextfm labx1728
mktextfm latt1440
mktextfm ecrm1440
mktextfm larm1440
mktextfm larm1728
mktextfm larm2986
mktextfm larm2074
mktextfm labx2074
mktextfm labx1440
mktextfm larm1000
mktextfm larm0700
mktextfm latt1000
mktextfm labx1728
mktextfm latt1440
